Mplus VERSION 8.3 (Mac)
MUTHEN & MUTHEN
06/10/2022  12:46 PM

INPUT INSTRUCTIONS

  TITLE: this is an example of a two-level mixture
  regression for a continuous dependent
  variable

  DATA:
  FILE IS Mplus.txt;

  VARIABLE:
  NAMES ARE y0 y1 s;
  USEVARIABLES = y0 y1;
  CLASSES = c (2);
  CLUSTER = s;
  CATEGORICAL = y0 y1;

  ANALYSIS:
  TYPE = TWOLEVEL MIXTURE;
  !TYPE = MIXTURE;
  ESTIMATOR = ML;
  STARTS = 40 20;

  MODEL:
  %BETWEEN%
  %OVERALL%
  c#1 @ 100000;
  [c#1@0];
  !OUTPUT: TECH1 TECH8;



INPUT READING TERMINATED NORMALLY



this is an example of a two-level mixture
regression for a continuous dependent
variable

SUMMARY OF ANALYSIS

Number of groups                                                 1
Number of observations                                       17424

Number of dependent variables                                    2
Number of independent variables                                  0
Number of continuous latent variables                            0
Number of categorical latent variables                           1

Observed dependent variables

  Binary and ordered categorical (ordinal)
   Y0          Y1

Categorical latent variables
   C

Variables with special functions

  Cluster variable      S

Estimator                                                       ML
Information matrix                                        OBSERVED
Optimization Specifications for the Quasi-Newton Algorithm for
Continuous Outcomes
  Maximum number of iterations                                 100
  Convergence criterion                                  0.100D-05
Optimization Specifications for the EM Algorithm
  Maximum number of iterations                                 500
  Convergence criteria
    Loglikelihood change                                 0.100D-02
    Relative loglikelihood change                        0.100D-05
    Derivative                                           0.100D-02
Optimization Specifications for the M step of the EM Algorithm for
Categorical Latent variables
  Number of M step iterations                                    1
  M step convergence criterion                           0.100D-02
  Basis for M step termination                           ITERATION
Optimization Specifications for the M step of the EM Algorithm for
Censored, Binary or Ordered Categorical (Ordinal), Unordered
Categorical (Nominal) and Count Outcomes
  Number of M step iterations                                    1
  M step convergence criterion                           0.100D-02
  Basis for M step termination                           ITERATION
  Maximum value for logit thresholds                            15
  Minimum value for logit thresholds                           -15
  Minimum expected cell size for chi-square              0.100D-01
Optimization algorithm                                         EMA
Integration Specifications
  Type                                                    STANDARD
  Number of integration points                                  15
  Dimensions of numerical integration                            1
  Adaptive quadrature                                           ON
Random Starts Specifications
  Number of initial stage random starts                         40
  Number of final stage optimizations                           20
  Number of initial stage iterations                            10
  Initial stage convergence criterion                    0.100D+01
  Random starts scale                                    0.500D+01
  Random seed for generating random starts                       0
Link                                                         LOGIT
Cholesky                                                       OFF

Input data file(s)
  Mplus.txt
Input data format  FREE


SUMMARY OF DATA

     Number of clusters                         59



UNIVARIATE PROPORTIONS AND COUNTS FOR CATEGORICAL VARIABLES

    Y0
      Category 1    0.481         8376.000
      Category 2    0.519         9048.000
    Y1
      Category 1    0.298         5184.000
      Category 2    0.702        12240.000


RANDOM STARTS RESULTS RANKED FROM THE BEST TO THE WORST LOGLIKELIHOOD VALUES

Final stage loglikelihood values at local maxima, seeds, and initial stage start numbers:

          -21424.253  915642           40
          -21424.253  851945           18
          -21424.261  645664           39
          -21424.261  573096           20
          -21439.178  260601           36
          -21516.473  unperturbed      0
          -21528.586  939021           8
          -21572.195  127215           9
          -21573.383  392418           28
          -21588.673  341041           34
          -21590.988  650371           14
          -21595.896  347515           24
          -21606.640  399671           13
          -21607.637  68985            17
          -21617.882  533738           11
          -21634.112  749453           33
          -21680.631  902278           21
          -21682.264  366706           29
          -21686.817  285380           1
          -21723.974  637345           19



THE BEST LOGLIKELIHOOD VALUE HAS BEEN REPLICATED.  RERUN WITH AT LEAST TWICE THE
RANDOM STARTS TO CHECK THAT THE BEST LOGLIKELIHOOD IS STILL OBTAINED AND REPLICATED.


THE MODEL ESTIMATION TERMINATED NORMALLY



MODEL FIT INFORMATION

Number of Free Parameters                        5

Loglikelihood

          H0 Value                      -21424.253

Information Criteria

          Akaike (AIC)                   42858.507
          Bayesian (BIC)                 42897.335
          Sample-Size Adjusted BIC       42881.445
            (n* = (n + 2) / 24)



FINAL CLASS COUNTS AND PROPORTIONS FOR THE LATENT CLASSES
BASED ON ESTIMATED POSTERIOR PROBABILITIES

    Latent
   Classes

       1       4219.58806          0.24217
       2      13204.41194          0.75783


FINAL CLASS COUNTS AND PROPORTIONS FOR THE LATENT CLASSES
BASED ON THEIR MOST LIKELY LATENT CLASS MEMBERSHIP

Class Counts and Proportions

    Latent
   Classes

       1             4800          0.27548
       2            12624          0.72452


CLASSIFICATION QUALITY

     Entropy                         0.794


Average Latent Class Probabilities for Most Likely Latent Class Membership (Row)
by Latent Class (Column)

           1        2

    1   0.825    0.175
    2   0.021    0.979


Classification Probabilities for the Most Likely Latent Class Membership (Column)
by Latent Class (Row)

           1        2

    1   0.939    0.061
    2   0.064    0.936


Logits for the Classification Probabilities for the Most Likely Latent Class Membership (Column)
by Latent Class (Row)

              1        2

    1      2.727    0.000
    2     -2.690    0.000


MODEL RESULTS

                                                    Two-Tailed
                    Estimate       S.E.  Est./S.E.    P-Value

Within Level

Between Level

Latent Class 1

 Thresholds
    Y0$1               2.128      0.075     28.420      0.000
    Y1$1              -1.026      0.040    -25.478      0.000

Latent Class 2

 Thresholds
    Y0$1              -0.625      0.021    -30.456      0.000
    Y1$1              -0.808      0.020    -40.991      0.000

Categorical Latent Variables

Within Level

 Means
    C#1               -0.063      0.061     -1.032      0.302

Between Level

 Means
    C#1                0.000      0.000    999.000    999.000

 Variances
    C#1            *********      0.000    999.000    999.000


QUALITY OF NUMERICAL RESULTS

     Condition Number for the Information Matrix              0.509E-02
       (ratio of smallest to largest eigenvalue)


     Beginning Time:  12:46:49
        Ending Time:  12:49:31
       Elapsed Time:  00:02:42



MUTHEN & MUTHEN
3463 Stoner Ave.
Los Angeles, CA  90066

Tel: (310) 391-9971
Fax: (310) 391-8971
Web: www.StatModel.com
Support: Support@StatModel.com

Copyright (c) 1998-2019 Muthen & Muthen
